+++++++++++++ Solution (20/90/15) ++++++++++++++
++++++++++++++++++++++++++++++++++++++++++++++++


+++++++++++++ Solution (15/85/10) ++++++++++++++
++++++++++++++++++++++++++++++++++++++++++++++++


++++++++++++++ Solution (10/80/5) ++++++++++++++
++++++++++++++++++++++++++++++++++++++++++++++++


+++++++++++++ Solution (5/80/2.5) ++++++++++++++
++++++++++++++++++++++++++++++++++++++++++++++++


++++++++++++++++ Max. Recall ++++++++++++++++++
marital(V0,V1):- attr_marital_single(V1),attr_job_student(V2),job(V0,V2)
Coverage (%): 1.94, Recall (%): 6.86, Precision (%): 93.60
++++++++++++++++++++++++++++++++++++++++++++++++


+++++++++++++++ Max. Precision ++++++++++++++++
marital(V0,V1):- attr_marital_married(V1),int_10861(V2),balance(V0,V2)
Coverage (%): 0.01, Recall (%): 0.01, Precision (%): 100.00
++++++++++++++++++++++++++++++++++++++++++++++++


+++++++++++++++ Max. Coverage +++++++++++++++++
marital(V0,V1):- attr_marital_single(V1),attr_job_student(V2),job(V0,V2)
Coverage (%): 1.94, Recall (%): 6.86, Precision (%): 93.60
++++++++++++++++++++++++++++++++++++++++++++++++