+++++++++++++ Solution (20/90/15) ++++++++++++++
++++++++++++++++++++++++++++++++++++++++++++++++


+++++++++++++ Solution (15/85/10) ++++++++++++++
++++++++++++++++++++++++++++++++++++++++++++++++


++++++++++++++ Solution (10/80/5) ++++++++++++++
++++++++++++++++++++++++++++++++++++++++++++++++


+++++++++++++ Solution (5/80/2.5) ++++++++++++++
++++++++++++++++++++++++++++++++++++++++++++++++


++++++++++++++++ Max. Recall ++++++++++++++++++
sex(V0,V1):- attr_sex_male(V1),v_decile_score(V0,V2),int_8(V2)
Coverage (%): 3.75, Recall (%): 4.64, Precision (%): 89.62
++++++++++++++++++++++++++++++++++++++++++++++++


+++++++++++++++ Max. Precision ++++++++++++++++
sex(V0,V1):- int_205(V2),attr_sex_male(V1),end(V0,V2)
Coverage (%): 0.07, Recall (%): 0.09, Precision (%): 100.00
++++++++++++++++++++++++++++++++++++++++++++++++


+++++++++++++++ Max. Coverage +++++++++++++++++
sex(V0,V1):- attr_sex_male(V1),v_decile_score(V0,V2),int_8(V2)
Coverage (%): 3.75, Recall (%): 4.64, Precision (%): 89.62
++++++++++++++++++++++++++++++++++++++++++++++++