+++++++++++++ Solution (20/90/15) ++++++++++++++
++++++++++++++++++++++++++++++++++++++++++++++++


+++++++++++++ Solution (15/85/10) ++++++++++++++
++++++++++++++++++++++++++++++++++++++++++++++++


++++++++++++++ Solution (10/80/5) ++++++++++++++
++++++++++++++++++++++++++++++++++++++++++++++++


+++++++++++++ Solution (5/80/2.5) ++++++++++++++
marriage(V0,V1):- attr_age_27(V2),attr_marriage_2(V1),age(V0,V2)

Avg. Coverage (%): 4.07, Avg. Recall (%): 7.65, Avg. Precision (%): 82.67
++++++++++++++++++++++++++++++++++++++++++++++++


++++++++++++++++ Max. Recall ++++++++++++++++++
marriage(V0,V1):- attr_age_27(V2),attr_marriage_2(V1),age(V0,V2)
Coverage (%): 4.07, Recall (%): 7.65, Precision (%): 82.67
++++++++++++++++++++++++++++++++++++++++++++++++


+++++++++++++++ Max. Precision ++++++++++++++++
marriage(V0,V1):- pay_amt4(V0,V2),attr_pay_amt4_936(V2),attr_marriage_2(V1)
Coverage (%): 0.02, Recall (%): 0.04, Precision (%): 100.00
++++++++++++++++++++++++++++++++++++++++++++++++


+++++++++++++++ Max. Coverage +++++++++++++++++
marriage(V0,V1):- attr_age_27(V2),attr_marriage_2(V1),age(V0,V2)
Coverage (%): 4.07, Recall (%): 7.65, Precision (%): 82.67
++++++++++++++++++++++++++++++++++++++++++++++++