+++++++++++++ Solution (20/90/15) ++++++++++++++
++++++++++++++++++++++++++++++++++++++++++++++++


+++++++++++++ Solution (15/85/10) ++++++++++++++
++++++++++++++++++++++++++++++++++++++++++++++++


++++++++++++++ Solution (10/80/5) ++++++++++++++
++++++++++++++++++++++++++++++++++++++++++++++++


+++++++++++++ Solution (5/80/2.5) ++++++++++++++
race1(V0,V1):- ugpa(V0,V2),int_3_3(V2),attr_race1_bwhite(V1)
race1(V0,V1):- int__minus_59_0(V2),age(V0,V2),attr_race1_bwhite(V1)
race1(V0,V1):- lsat(V0,V2),int_36_0(V2),attr_race1_bwhite(V1)
race1(V0,V1):- int_41_0(V2),attr_race1_bwhite(V1),lsat(V0,V2)

Avg. Coverage (%): 6.18, Avg. Recall (%): 7.34, Avg. Precision (%): 87.47
++++++++++++++++++++++++++++++++++++++++++++++++


++++++++++++++++ Max. Recall ++++++++++++++++++
race1(V0,V1):- ugpa(V0,V2),int_3_3(V2),attr_race1_bwhite(V1)
Coverage (%): 7.67, Recall (%): 9.12, Precision (%): 86.18
++++++++++++++++++++++++++++++++++++++++++++++++


+++++++++++++++ Max. Precision ++++++++++++++++
race1(V0,V1):- int_2_17(V2),attr_race1_bwhite(V1),zgpa(V0,V2)
Coverage (%): 0.06, Recall (%): 0.07, Precision (%): 100.00
++++++++++++++++++++++++++++++++++++++++++++++++


+++++++++++++++ Max. Coverage +++++++++++++++++
race1(V0,V1):- ugpa(V0,V2),int_3_3(V2),attr_race1_bwhite(V1)
Coverage (%): 7.67, Recall (%): 9.12, Precision (%): 86.18
++++++++++++++++++++++++++++++++++++++++++++++++