+++++++++++++ Solution (20/90/15) ++++++++++++++
++++++++++++++++++++++++++++++++++++++++++++++++


+++++++++++++ Solution (15/85/10) ++++++++++++++
++++++++++++++++++++++++++++++++++++++++++++++++


++++++++++++++ Solution (10/80/5) ++++++++++++++
++++++++++++++++++++++++++++++++++++++++++++++++


+++++++++++++ Solution (5/80/2.5) ++++++++++++++
gender(V0,V1):- attr_code_presentation_2013j(V3),attr_gender_m(V1),code_module(V0,V2),attr_code_module_eee(V2),code_presentation(V0,V3)
gender(V0,V1):- code_module(V0,V2),attr_highest_education_lower_than_a_level(V3),attr_gender_m(V1),highest_education(V0,V3),attr_code_module_eee(V2)

Avg. Coverage (%): 2.88, Avg. Recall (%): 5.30, Avg. Precision (%): 90.45
++++++++++++++++++++++++++++++++++++++++++++++++


++++++++++++++++ Max. Recall ++++++++++++++++++
gender(V0,V1):- attr_code_presentation_2013j(V2),code_presentation(V0,V2),code_module(V0,V3),attr_gender_f(V1),attr_code_module_ggg(V3)
Coverage (%): 2.46, Recall (%): 5.37, Precision (%): 81.56
++++++++++++++++++++++++++++++++++++++++++++++++


+++++++++++++++ Max. Precision ++++++++++++++++
gender(V0,V1):- region(V0,V3),attr_gender_f(V1),code_module(V0,V2),attr_code_module_bbb(V2),attr_region_south_west_region(V3)
Coverage (%): 1.63, Recall (%): 3.56, Precision (%): 91.28
++++++++++++++++++++++++++++++++++++++++++++++++


+++++++++++++++ Max. Coverage +++++++++++++++++
gender(V0,V1):- attr_code_presentation_2013j(V3),attr_gender_m(V1),code_module(V0,V2),attr_code_module_eee(V2),code_presentation(V0,V3)
Coverage (%): 2.87, Recall (%): 5.29, Precision (%): 90.30
++++++++++++++++++++++++++++++++++++++++++++++++
