+++++++++++++ Solution (20/90/15) ++++++++++++++
++++++++++++++++++++++++++++++++++++++++++++++++


+++++++++++++ Solution (15/85/10) ++++++++++++++
Rule: race(V0,V1):- int_79(V3),lt(V3,V2),attr_race_w(V1),combine(V0,V2)

Avg. Coverage (%): 14.41, Avg. Recall (%): 25.00, Avg. Precision (%): 94.44
++++++++++++++++++++++++++++++++++++++++++++++++


++++++++++++++ Solution (10/80/5) ++++++++++++++
race(V0,V1):- int_79(V3),lt(V3,V2),attr_race_w(V1),combine(V0,V2)
race(V0,V1):- lt(V2,V3),attr_race_b(V1),int_56_632(V3),written(V0,V2)

Avg. Coverage (%): 10.60, Avg. Recall (%): 27.32, Avg. Precision (%): 97.22
++++++++++++++++++++++++++++++++++++++++++++++++


+++++++++++++ Solution (5/80/2.5) ++++++++++++++
race(V0,V1):- int_79(V3),lt(V3,V2),attr_race_w(V1),combine(V0,V2)
race(V0,V1):- lt(V2,V3),attr_race_b(V1),int_56_632(V3),written(V0,V2)
race(V0,V1):- attr_race_w(V1),int_69(V2),written(V0,V2)
race(V0,V1):- oral(V0,V2),attr_race_w(V1),int_73_75(V2)
race(V0,V1):- oral(V0,V2),attr_race_h(V1),lt(V2,V3),int_44_58(V3)

Avg. Coverage (%): 6.27, Avg. Recall (%): 16.76, Avg. Precision (%): 94.89
++++++++++++++++++++++++++++++++++++++++++++++++


++++++++++++++++ Max. Recall ++++++++++++++++++
race(V0,V1):- lt(V2,V3),attr_race_b(V1),int_56_632(V3),written(V0,V2)
Coverage (%): 6.78, Recall (%): 29.63, Precision (%): 100.00
++++++++++++++++++++++++++++++++++++++++++++++++


+++++++++++++++ Max. Precision ++++++++++++++++
race(V0,V1):- lt(V2,V3),attr_race_b(V1),int_56_632(V3),written(V0,V2)
Coverage (%): 6.78, Recall (%): 29.63, Precision (%): 100.00
++++++++++++++++++++++++++++++++++++++++++++++++


+++++++++++++++ Max. Coverage +++++++++++++++++
race(V0,V1):- int_79(V3),lt(V3,V2),attr_race_w(V1),combine(V0,V2)
Coverage (%): 14.41, Recall (%): 25.00, Precision (%): 94.44
++++++++++++++++++++++++++++++++++++++++++++++++