+++++++++++++ Solution (20/90/15) ++++++++++++++
++++++++++++++++++++++++++++++++++++++++++++++++


+++++++++++++ Solution (15/85/10) ++++++++++++++
++++++++++++++++++++++++++++++++++++++++++++++++


++++++++++++++ Solution (10/80/5) ++++++++++++++
sex(V0,V1):- walc(V0,V2),attr_sex_f(V1),int_1(V2),fedu(V0,V2)
sex(V0,V1):- int_3(V2),attr_sex_m(V1),dalc(V0,V2)

Avg. Coverage (%): 5.57, Avg. Recall (%): 11.15, Avg. Precision (%): 81.46
++++++++++++++++++++++++++++++++++++++++++++++++


+++++++++++++ Solution (5/80/2.5) ++++++++++++++
sex(V0,V1):- walc(V0,V2),attr_sex_f(V1),int_1(V2),fedu(V0,V2)
sex(V0,V1):- int_3(V2),attr_sex_m(V1),dalc(V0,V2)
sex(V0,V1):- traveltime(V0,V2),attr_sex_f(V1),medu(V0,V2),walc(V0,V2)
sex(V0,V1):- walc(V0,V2),attr_sex_f(V1),medu(V0,V2),int_1(V2)
sex(V0,V1):- failures(V0,V2),attr_sex_f(V1),freetime(V0,V2)
sex(V0,V1):- walc(V0,V2),attr_sex_f(V1),int_1(V2),freetime(V0,V2)
sex(V0,V1):- dalc(V0,V3),lt(V2,V3),attr_sex_m(V1),famrel(V0,V2)
sex(V0,V1):- attr_famsup_no(V2),attr_sex_m(V1),higher(V0,V3),attr_higher_no(V3),famsup(V0,V2)

Avg. Coverage (%): 3.83, Avg. Recall (%): 7.56, Avg. Precision (%): 86.91
++++++++++++++++++++++++++++++++++++++++++++++++


++++++++++++++++ Max. Recall ++++++++++++++++++
sex(V0,V1):- attr_sex_f(V1),reason(V0,V2),attr_romantic_yes(V3),romantic(V0,V3),attr_reason_reputation(V2)
Coverage (%): 6.08, Recall (%): 11.54, Precision (%): 72.73
++++++++++++++++++++++++++++++++++++++++++++++++


+++++++++++++++ Max. Precision ++++++++++++++++
sex(V0,V1):- walc(V0,V2),attr_sex_f(V1),int_1(V2),freetime(V0,V2)
Coverage (%): 3.04, Recall (%): 5.77, Precision (%): 100.00
++++++++++++++++++++++++++++++++++++++++++++++++


+++++++++++++++ Max. Coverage +++++++++++++++++
sex(V0,V1):- attr_sex_f(V1),reason(V0,V2),attr_romantic_yes(V3),romantic(V0,V3),attr_reason_reputation(V2)
Coverage (%): 6.08, Recall (%): 11.54, Precision (%): 72.73
++++++++++++++++++++++++++++++++++++++++++++++++