+++++++++++++ Solution (20/90/15) ++++++++++++++
++++++++++++++++++++++++++++++++++++++++++++++++


+++++++++++++ Solution (15/85/10) ++++++++++++++
++++++++++++++++++++++++++++++++++++++++++++++++


++++++++++++++ Solution (10/80/5) ++++++++++++++
sex(V0,V1):- famrel(V0,V2),studytime(V0,V2),attr_sex_f(V1)

Avg. Coverage (%): 6.16, Avg. Recall (%): 10.44, Avg. Precision (%): 83.33
++++++++++++++++++++++++++++++++++++++++++++++++


+++++++++++++ Solution (5/80/2.5) ++++++++++++++
sex(V0,V1):- famrel(V0,V2),studytime(V0,V2),attr_sex_f(V1)
sex(V0,V1):- attr_sex_f(V1),mjob(V0,V3),attr_schoolsup_yes(V2),attr_mjob_other(V3),schoolsup(V0,V2)
sex(V0,V1):- health(V0,V2),dalc(V0,V2),studytime(V0,V2),attr_sex_f(V1)
sex(V0,V1):- attr_sex_f(V1),failures(V0,V2),walc(V0,V2),int_1(V2)
sex(V0,V1):- attr_sex_m(V1),attr_famsup_no(V2),int_5(V3),walc(V0,V3),famsup(V0,V2)

Avg. Coverage (%): 3.85, Avg. Recall (%): 6.94, Avg. Precision (%): 85.86
++++++++++++++++++++++++++++++++++++++++++++++++


++++++++++++++++ Max. Recall ++++++++++++++++++
sex(V0,V1):- famrel(V0,V2),studytime(V0,V2),attr_sex_f(V1)
Coverage (%): 6.16, Recall (%): 10.44, Precision (%): 83.33
++++++++++++++++++++++++++++++++++++++++++++++++


+++++++++++++++ Max. Precision ++++++++++++++++
sex(V0,V1):- attr_sex_m(V1),int_3(V2),traveltime(V0,V2),dalc(V0,V2)
Coverage (%): 1.23, Recall (%): 3.01, Precision (%): 100.00
++++++++++++++++++++++++++++++++++++++++++++++++


+++++++++++++++ Max. Coverage +++++++++++++++++
sex(V0,V1):- famrel(V0,V2),studytime(V0,V2),attr_sex_f(V1)
Coverage (%): 6.16, Recall (%): 10.44, Precision (%): 83.33
++++++++++++++++++++++++++++++++++++++++++++++++